0 info it worked if it ends with ok
1 verbose cli [ 'D:\\ツール\\node.exe',
1 verbose cli   'D:\\ツール\\node_modules\\npm\\bin\\npm-cli.js',
1 verbose cli   'install',
1 verbose cli   '--save',
1 verbose cli   'pixi-tiled' ]
2 info using npm@2.15.8
3 info using node@v6.11.1
4 verbose install initial load of D:\GitHub\pixi,js_ren\package.json
5 warn package.json fabre-pixi-examples@1.0.0 No description
6 verbose installManyTop reading scoped package data from D:\GitHub\pixi,js_ren\node_modules\bit-twiddle\package.json
7 verbose installManyTop reading scoped package data from D:\GitHub\pixi,js_ren\node_modules\earcut\package.json
8 verbose installManyTop reading scoped package data from D:\GitHub\pixi,js_ren\node_modules\eventemitter3\package.json
9 verbose installManyTop reading scoped package data from D:\GitHub\pixi,js_ren\node_modules\ismobilejs\package.json
10 verbose installManyTop reading scoped package data from D:\GitHub\pixi,js_ren\node_modules\mini-signals\package.json
11 verbose installManyTop reading scoped package data from D:\GitHub\pixi,js_ren\node_modules\object-assign\package.json
12 verbose installManyTop reading scoped package data from D:\GitHub\pixi,js_ren\node_modules\parse-uri\package.json
13 verbose installManyTop reading scoped package data from D:\GitHub\pixi,js_ren\node_modules\pixi-gl-core\package.json
14 verbose installManyTop reading scoped package data from D:\GitHub\pixi,js_ren\node_modules\pixi.js\package.json
15 verbose installManyTop reading scoped package data from D:\GitHub\pixi,js_ren\node_modules\remove-array-items\package.json
16 verbose installManyTop reading scoped package data from D:\GitHub\pixi,js_ren\node_modules\resource-loader\package.json
17 verbose installManyTop reading scoped package data from D:\GitHub\pixi,js_ren\node_modules\tween.js\package.json
18 verbose readDependencies loading dependencies from D:\GitHub\pixi,js_ren\package.json
19 silly cache add args [ 'pixi-tiled', null ]
20 verbose cache add spec pixi-tiled
21 silly cache add parsed spec Result {
21 silly cache add   raw: 'pixi-tiled',
21 silly cache add   scope: null,
21 silly cache add   name: 'pixi-tiled',
21 silly cache add   rawSpec: '',
21 silly cache add   spec: 'latest',
21 silly cache add   type: 'tag' }
22 silly addNamed pixi-tiled@latest
23 verbose addNamed "latest" is being treated as a dist-tag for pixi-tiled
24 info addNameTag [ 'pixi-tiled', 'latest' ]
25 silly mapToRegistry name pixi-tiled
26 silly mapToRegistry using default registry
27 silly mapToRegistry registry https://registry.npmjs.org/
28 silly mapToRegistry data Result {
28 silly mapToRegistry   raw: 'pixi-tiled',
28 silly mapToRegistry   scope: null,
28 silly mapToRegistry   name: 'pixi-tiled',
28 silly mapToRegistry   rawSpec: '',
28 silly mapToRegistry   spec: 'latest',
28 silly mapToRegistry   type: 'tag' }
29 silly mapToRegistry uri https://registry.npmjs.org/pixi-tiled
30 verbose addNameTag registry:https://registry.npmjs.org/pixi-tiled not in flight; fetching
31 verbose request uri https://registry.npmjs.org/pixi-tiled
32 verbose request no auth needed
33 info attempt registry request try #1 at 15:32:14
34 verbose request id 9f7087ab99e9b5c8
35 http request GET https://registry.npmjs.org/pixi-tiled
36 http 200 https://registry.npmjs.org/pixi-tiled
37 verbose headers { server: 'nginx/1.10.3',
37 verbose headers   'content-type': 'application/json',
37 verbose headers   'last-modified': 'Tue, 19 Jan 2016 15:36:34 GMT',
37 verbose headers   etag: 'W/"569e5802-2e8d"',
37 verbose headers   'content-encoding': 'gzip',
37 verbose headers   'cache-control': 'max-age=300',
37 verbose headers   'content-length': '2166',
37 verbose headers   'accept-ranges': 'bytes',
37 verbose headers   date: 'Fri, 18 Aug 2017 06:32:17 GMT',
37 verbose headers   via: '1.1 varnish',
37 verbose headers   age: '0',
37 verbose headers   connection: 'keep-alive',
37 verbose headers   'x-served-by': 'cache-nrt6122-NRT',
37 verbose headers   'x-cache': 'MISS',
37 verbose headers   'x-cache-hits': '0',
37 verbose headers   'x-timer': 'S1503037937.630406,VS0,VE610',
37 verbose headers   vary: 'Accept-Encoding, Accept' }
38 silly get cb [ 200,
38 silly get   { server: 'nginx/1.10.3',
38 silly get     'content-type': 'application/json',
38 silly get     'last-modified': 'Tue, 19 Jan 2016 15:36:34 GMT',
38 silly get     etag: 'W/"569e5802-2e8d"',
38 silly get     'content-encoding': 'gzip',
38 silly get     'cache-control': 'max-age=300',
38 silly get     'content-length': '2166',
38 silly get     'accept-ranges': 'bytes',
38 silly get     date: 'Fri, 18 Aug 2017 06:32:17 GMT',
38 silly get     via: '1.1 varnish',
38 silly get     age: '0',
38 silly get     connection: 'keep-alive',
38 silly get     'x-served-by': 'cache-nrt6122-NRT',
38 silly get     'x-cache': 'MISS',
38 silly get     'x-cache-hits': '0',
38 silly get     'x-timer': 'S1503037937.630406,VS0,VE610',
38 silly get     vary: 'Accept-Encoding, Accept' } ]
39 verbose get saving pixi-tiled to C:\Users\太輝\AppData\Roaming\npm-cache\registry.npmjs.org\pixi-tiled\.cache.json
40 verbose correctMkdir C:\Users\太輝\AppData\Roaming\npm-cache correctMkdir not in flight; initializing
41 silly addNameTag next cb for pixi-tiled with tag latest
42 silly addNamed pixi-tiled@1.2.1
43 verbose addNamed "1.2.1" is a plain semver version for pixi-tiled
44 silly mapToRegistry name pixi-tiled
45 silly mapToRegistry using default registry
46 silly mapToRegistry registry https://registry.npmjs.org/
47 silly mapToRegistry data Result {
47 silly mapToRegistry   raw: 'pixi-tiled',
47 silly mapToRegistry   scope: null,
47 silly mapToRegistry   name: 'pixi-tiled',
47 silly mapToRegistry   rawSpec: '',
47 silly mapToRegistry   spec: 'latest',
47 silly mapToRegistry   type: 'tag' }
48 silly mapToRegistry uri https://registry.npmjs.org/pixi-tiled
49 verbose addRemoteTarball https://registry.npmjs.org/pixi-tiled/-/pixi-tiled-1.2.1.tgz not in flight; adding
50 verbose addRemoteTarball [ 'https://registry.npmjs.org/pixi-tiled/-/pixi-tiled-1.2.1.tgz',
50 verbose addRemoteTarball   '7307758b6f590e48affcb3cb53ea8a1ea1a9f0a8' ]
51 info retry fetch attempt 1 at 15:32:15
52 info attempt registry request try #1 at 15:32:15
53 http fetch GET https://registry.npmjs.org/pixi-tiled/-/pixi-tiled-1.2.1.tgz
54 http fetch 200 https://registry.npmjs.org/pixi-tiled/-/pixi-tiled-1.2.1.tgz
55 silly fetchAndShaCheck shasum 7307758b6f590e48affcb3cb53ea8a1ea1a9f0a8
56 verbose addTmpTarball C:\Users\太輝\AppData\Local\Temp\npm-18172-6934e987\registry.npmjs.org\pixi-tiled\-\pixi-tiled-1.2.1.tgz not in flight; adding
57 verbose addTmpTarball already have metadata; skipping unpack for pixi-tiled@1.2.1
58 verbose correctMkdir C:\Users\太輝\AppData\Roaming\npm-cache correctMkdir not in flight; initializing
59 silly cache afterAdd pixi-tiled@1.2.1
60 verbose afterAdd C:\Users\太輝\AppData\Roaming\npm-cache\pixi-tiled\1.2.1\package\package.json not in flight; writing
61 verbose correctMkdir C:\Users\太輝\AppData\Roaming\npm-cache correctMkdir not in flight; initializing
62 verbose afterAdd C:\Users\太輝\AppData\Roaming\npm-cache\pixi-tiled\1.2.1\package\package.json written
63 silly install resolved [ { name: 'pixi-tiled',
63 silly install resolved     version: '1.2.1',
63 silly install resolved     description: 'A Pixi.js plugin to import maps from the Tiled map editor.',
63 silly install resolved     keywords: [ 'pixi', 'pixi.js', 'tiled', 'tilemap' ],
63 silly install resolved     author: { name: 'Stuart Lee' },
63 silly install resolved     repository:
63 silly install resolved      { type: 'git',
63 silly install resolved        url: 'git+https://github.com/beeglebug/pixi-tiled.git' },
63 silly install resolved     license: 'MIT',
63 silly install resolved     main: 'index.js',
63 silly install resolved     scripts:
63 silly install resolved      { test: 'mocha',
63 silly install resolved        build: 'browserify index.js -o bin/pixi-tiled.js' },
63 silly install resolved     peerDependencies: { 'pixi.js': '^3.0.2' },
63 silly install resolved     devDependencies: { browserify: '~9.0.8', chai: '^2.3.0', mocha: '^2.2.4' },
63 silly install resolved     gitHead: 'a22864e8fb8382fe7b7e95984e1df9390503700e',
63 silly install resolved     bugs: { url: 'https://github.com/beeglebug/pixi-tiled/issues' },
63 silly install resolved     homepage: 'https://github.com/beeglebug/pixi-tiled#readme',
63 silly install resolved     _id: 'pixi-tiled@1.2.1',
63 silly install resolved     _shasum: '7307758b6f590e48affcb3cb53ea8a1ea1a9f0a8',
63 silly install resolved     _from: 'pixi-tiled@latest',
63 silly install resolved     _npmVersion: '3.3.12',
63 silly install resolved     _nodeVersion: '5.1.0',
63 silly install resolved     _npmUser: { name: 'beeglebug', email: 'updownleftright@gmail.com' },
63 silly install resolved     dist:
63 silly install resolved      { shasum: '7307758b6f590e48affcb3cb53ea8a1ea1a9f0a8',
63 silly install resolved        tarball: 'https://registry.npmjs.org/pixi-tiled/-/pixi-tiled-1.2.1.tgz' },
63 silly install resolved     maintainers: [ [Object] ],
63 silly install resolved     directories: {},
63 silly install resolved     _resolved: 'https://registry.npmjs.org/pixi-tiled/-/pixi-tiled-1.2.1.tgz' } ]
64 info install pixi-tiled@1.2.1 into D:\GitHub\pixi,js_ren
65 info installOne pixi-tiled@1.2.1
66 verbose installOne of pixi-tiled to D:\GitHub\pixi,js_ren not in flight; installing
67 verbose correctMkdir C:\Users\太輝\AppData\Roaming\npm-cache\_locks correctMkdir not in flight; initializing
68 verbose lock using C:\Users\太輝\AppData\Roaming\npm-cache\_locks\pixi-tiled-14cc111cad22891c.lock for D:\GitHub\pixi,js_ren\node_modules\pixi-tiled
69 silly install write writing pixi-tiled 1.2.1 to D:\GitHub\pixi,js_ren\node_modules\pixi-tiled
70 verbose unbuild node_modules\pixi-tiled
71 silly gentlyRm D:\GitHub\pixi,js_ren\node_modules\pixi-tiled is being purged from base D:\GitHub\pixi,js_ren
72 verbose gentlyRm don't care about contents; nuking D:\GitHub\pixi,js_ren\node_modules\pixi-tiled
73 verbose tar unpack C:\Users\太輝\AppData\Roaming\npm-cache\pixi-tiled\1.2.1\package.tgz
74 verbose tar unpacking to D:\GitHub\pixi,js_ren\node_modules\pixi-tiled
75 silly gentlyRm D:\GitHub\pixi,js_ren\node_modules\pixi-tiled is being purged
76 verbose gentlyRm don't care about contents; nuking D:\GitHub\pixi,js_ren\node_modules\pixi-tiled
77 silly gunzTarPerm modes [ '777', '666' ]
78 silly gunzTarPerm extractEntry package.json
79 silly gunzTarPerm modified mode [ 'package.json', 436, 438 ]
80 silly gunzTarPerm extractEntry .npmignore
81 silly gunzTarPerm modified mode [ '.npmignore', 436, 438 ]
82 silly gunzTarPerm extractEntry README.md
83 silly gunzTarPerm modified mode [ 'README.md', 436, 438 ]
84 silly gunzTarPerm extractEntry LICENSE
85 silly gunzTarPerm modified mode [ 'LICENSE', 436, 438 ]
86 silly gunzTarPerm extractEntry index.js
87 silly gunzTarPerm modified mode [ 'index.js', 436, 438 ]
88 silly gunzTarPerm extractEntry bin/pixi-tiled.js
89 silly gunzTarPerm modified mode [ 'bin/pixi-tiled.js', 436, 438 ]
90 silly gunzTarPerm extractEntry .jshintrc
91 silly gunzTarPerm modified mode [ '.jshintrc', 436, 438 ]
92 silly gunzTarPerm extractEntry src/Layer.js
93 silly gunzTarPerm modified mode [ 'src/Layer.js', 436, 438 ]
94 silly gunzTarPerm extractEntry src/Tile.js
95 silly gunzTarPerm modified mode [ 'src/Tile.js', 436, 438 ]
96 silly gunzTarPerm extractEntry src/TiledMap.js
97 silly gunzTarPerm modified mode [ 'src/TiledMap.js', 436, 438 ]
98 silly gunzTarPerm extractEntry src/Tileset.js
99 silly gunzTarPerm modified mode [ 'src/Tileset.js', 436, 438 ]
100 silly gunzTarPerm extractEntry src/tiledMapParser.js
101 silly gunzTarPerm modified mode [ 'src/tiledMapParser.js', 436, 438 ]
102 silly gunzTarPerm extractEntry src/util.js
103 silly gunzTarPerm modified mode [ 'src/util.js', 436, 438 ]
104 silly gunzTarPerm extractEntry .travis.yml
105 silly gunzTarPerm modified mode [ '.travis.yml', 436, 438 ]
106 silly gunzTarPerm extractEntry test/mock.js
107 silly gunzTarPerm modified mode [ 'test/mock.js', 436, 438 ]
108 silly gunzTarPerm extractEntry test/test.js
109 silly gunzTarPerm modified mode [ 'test/test.js', 436, 438 ]
110 silly gunzTarPerm extractEntry test/data/map.js
111 silly gunzTarPerm modified mode [ 'test/data/map.js', 436, 438 ]
112 verbose write writing to D:\GitHub\pixi,js_ren\node_modules\pixi-tiled\package.json
113 info preinstall pixi-tiled@1.2.1
114 verbose readDependencies loading dependencies from D:\GitHub\pixi,js_ren\node_modules\pixi-tiled\package.json
115 silly prepareForInstallMany adding pixi.js@^3.0.2 from pixi-tiled peerDependencies
116 warn peerDependencies The peer dependency pixi.js@^3.0.2 included from pixi-tiled will no
117 warn peerDependencies longer be automatically installed to fulfill the peerDependency
118 warn peerDependencies in npm 3+. Your application will need to depend on it explicitly.
119 verbose readDependencies loading dependencies from D:\GitHub\pixi,js_ren\node_modules\pixi-tiled\package.json
120 silly install resolved []
121 verbose about to build D:\GitHub\pixi,js_ren\node_modules\pixi-tiled
122 info build D:\GitHub\pixi,js_ren\node_modules\pixi-tiled
123 info linkStuff pixi-tiled@1.2.1
124 silly linkStuff pixi-tiled@1.2.1 has D:\GitHub\pixi,js_ren\node_modules as its parent node_modules
125 verbose linkBins pixi-tiled@1.2.1
126 verbose linkMans pixi-tiled@1.2.1
127 verbose rebuildBundles pixi-tiled@1.2.1
128 info install pixi-tiled@1.2.1
129 info postinstall pixi-tiled@1.2.1
130 verbose readDependencies loading dependencies from D:\GitHub\pixi,js_ren\package.json
131 verbose targetResolver reading package data from D:\GitHub\pixi,js_ren\node_modules\bit-twiddle\package.json
132 verbose targetResolver reading package data from D:\GitHub\pixi,js_ren\node_modules\earcut\package.json
133 verbose targetResolver reading package data from D:\GitHub\pixi,js_ren\node_modules\eventemitter3\package.json
134 verbose targetResolver reading package data from D:\GitHub\pixi,js_ren\node_modules\ismobilejs\package.json
135 verbose targetResolver reading package data from D:\GitHub\pixi,js_ren\node_modules\mini-signals\package.json
136 verbose targetResolver reading package data from D:\GitHub\pixi,js_ren\node_modules\object-assign\package.json
137 verbose targetResolver reading package data from D:\GitHub\pixi,js_ren\node_modules\parse-uri\package.json
138 verbose targetResolver reading package data from D:\GitHub\pixi,js_ren\node_modules\pixi-gl-core\package.json
139 verbose targetResolver reading package data from D:\GitHub\pixi,js_ren\node_modules\pixi-tiled\package.json
140 verbose targetResolver reading package data from D:\GitHub\pixi,js_ren\node_modules\pixi.js\package.json
141 verbose targetResolver reading package data from D:\GitHub\pixi,js_ren\node_modules\remove-array-items\package.json
142 verbose targetResolver reading package data from D:\GitHub\pixi,js_ren\node_modules\resource-loader\package.json
143 verbose targetResolver reading package data from D:\GitHub\pixi,js_ren\node_modules\tween.js\package.json
144 verbose already installed skipping pixi.js@^3.0.2 D:\GitHub\pixi,js_ren
145 silly install resolved []
146 verbose unlock done using C:\Users\太輝\AppData\Roaming\npm-cache\_locks\pixi-tiled-14cc111cad22891c.lock for D:\GitHub\pixi,js_ren\node_modules\pixi-tiled
147 verbose validateInstall loading D:\GitHub\pixi,js_ren\package.json for validation
148 verbose stack Error: The package pixi.js@4.5.3 does not satisfy its siblings' peerDependencies requirements!
148 verbose stack     at D:\ツール\node_modules\npm\lib\install.js:125:32
148 verbose stack     at D:\ツール\node_modules\npm\lib\install.js:268:7
148 verbose stack     at D:\ツール\node_modules\npm\node_modules\read-installed\read-installed.js:142:5
148 verbose stack     at D:\ツール\node_modules\npm\node_modules\read-installed\read-installed.js:263:14
148 verbose stack     at cb (D:\ツール\node_modules\npm\node_modules\slide\lib\async-map.js:47:24)
148 verbose stack     at D:\ツール\node_modules\npm\node_modules\read-installed\read-installed.js:263:14
148 verbose stack     at asyncMap (D:\ツール\node_modules\npm\node_modules\slide\lib\async-map.js:27:18)
148 verbose stack     at next (D:\ツール\node_modules\npm\node_modules\read-installed\read-installed.js:234:5)
148 verbose stack     at D:\ツール\node_modules\npm\node_modules\read-installed\read-installed.js:167:12
148 verbose stack     at D:\ツール\node_modules\npm\node_modules\read-package-json\read-json.js:356:5
149 verbose cwd D:\GitHub\pixi,js_ren
150 error Windows_NT 10.0.15063
151 error argv "D:\\ツール\\node.exe" "D:\\ツール\\node_modules\\npm\\bin\\npm-cli.js" "install" "--save" "pixi-tiled"
152 error node v6.11.1
153 error npm  v2.15.8
154 error code EPEERINVALID
155 error peerinvalid The package pixi.js@4.5.3 does not satisfy its siblings' peerDependencies requirements!
155 error peerinvalid Peer pixi-tiled@1.2.1 wants pixi.js@^3.0.2
156 verbose exit [ 1, true ]
